[20:14:11] [main/INFO]: Setting user: Player984
[20:14:13] [Client thread/INFO]: LWJGL Version: 2.9.1
[20:14:20] [Client thread/INFO]: Reloading ResourceManager: Default, FMLFileResourcePack:Forge Mod Loader, FMLFileResourcePack:Minecraft Forge, FMLFileResourcePack:Fossils and Archeology Revival
[20:14:21] [Sound Library Loader/INFO]: Sound engine started
[20:14:23] [Client thread/INFO]: Created: 512x256 textures/blocks-atlas
[20:14:23] [Client thread/INFO]: Created: 256x256 textures/items-atlas
[20:14:24] [Client thread/INFO]: Reloading ResourceManager: Default, FMLFileResourcePack:Forge Mod Loader, FMLFileResourcePack:Minecraft Forge, FMLFileResourcePack:Fossils and Archeology Revival
[20:14:24] [Client thread/ERROR]: Using missing texture, unable to load fossil:textures/blocks/Magnolia.png
java.io.FileNotFoundException: fossil:textures/blocks/Magnolia.png
	at net.minecraft.client.resources.FallbackResourceManager.getResource(FallbackResourceManager.java:65) ~[FallbackResourceManager.class:?]
	at net.minecraft.client.resources.SimpleReloadableResourceManager.getResource(SimpleReloadableResourceManager.java:67) ~[SimpleReloadableResourceManager.class:?]
	at net.minecraft.client.renderer.texture.TextureMap.loadTextureAtlas(TextureMap.java:126) [TextureMap.class:?]
	at net.minecraft.client.renderer.texture.TextureMap.loadTexture(TextureMap.java:91) [TextureMap.class:?]
	at net.minecraft.client.renderer.texture.TextureManager.loadTexture(TextureManager.java:89) [TextureManager.class:?]
	at net.minecraft.client.renderer.texture.TextureManager.onResourceManagerReload(TextureManager.java:170) [TextureManager.class:?]
	at net.minecraft.client.resources.SimpleReloadableResourceManager.notifyReloadListeners(SimpleReloadableResourceManager.java:134) [SimpleReloadableResourceManager.class:?]
	at net.minecraft.client.resources.SimpleReloadableResourceManager.reloadResources(SimpleReloadableResourceManager.java:118) [SimpleReloadableResourceManager.class:?]
	at net.minecraft.client.Minecraft.refreshResources(Minecraft.java:643) [Minecraft.class:?]
	at cpw.mods.fml.client.FMLClientHandler.finishMinecraftLoading(FMLClientHandler.java:303) [FMLClientHandler.class:?]
	at net.minecraft.client.Minecraft.startGame(Minecraft.java:586) [Minecraft.class:?]
	at net.minecraft.client.Minecraft.run(Minecraft.java:931) [Minecraft.class:?]
	at net.minecraft.client.main.Main.main(Main.java:164) [Main.class:?]
	at sun.reflect.NativeMethodAccessorImpl.invoke0(Native Method) ~[?:1.8.0_25]
	at sun.reflect.NativeMethodAccessorImpl.invoke(Unknown Source) ~[?:1.8.0_25]
	at sun.reflect.DelegatingMethodAccessorImpl.invoke(Unknown Source) ~[?:1.8.0_25]
	at java.lang.reflect.Method.invoke(Unknown Source) ~[?:1.8.0_25]
	at net.minecraft.launchwrapper.Launch.launch(Launch.java:135) [launchwrapper-1.11.jar:?]
	at net.minecraft.launchwrapper.Launch.main(Launch.java:28) [launchwrapper-1.11.jar:?]
	at net.minecraftforge.gradle.GradleStartCommon.launch(GradleStartCommon.java:78) [start/:?]
	at GradleStart.main(GradleStart.java:45) [start/:?]
[20:14:25] [Client thread/INFO]: Created: 512x256 textures/blocks-atlas
[20:14:25] [Client thread/INFO]: Created: 512x256 textures/items-atlas
[20:14:26] [Sound Library Loader/INFO]: Sound engine started
[20:14:37] [Server thread/INFO]: Starting integrated minecraft server version 1.7.10
[20:14:37] [Server thread/INFO]: Generating keypair
[20:14:38] [Server thread/INFO]: Preparing start region for level 0
[20:14:39] [Server thread/INFO]: Changing view distance to 12, from 10
[20:14:40] [Server thread/INFO]: Player984[local:E:6debe9f5] logged in with entity id 251 at (-647.9957321358132, 76.0, 125.61082077241379)
[20:14:40] [Server thread/INFO]: Player984 joined the game
[20:14:40] [Client thread/INFO]: [CHAT] You are running F/A:Revival Dev Build, 1.7.10 Build 7.0.1a.
[20:14:40] [Client thread/INFO]: [CHAT] Github: https://github.com/FossilsArcheologyRevival/FossilArcheology1.7
[20:14:40] [Server thread/INFO]: Saving and pausing game...
[20:14:40] [Server thread/INFO]: Saving chunks for level 'New World'/Overworld
[20:14:41] [Server thread/INFO]: Saving chunks for level 'New World'/Nether
[20:14:41] [Server thread/INFO]: Saving chunks for level 'New World'/The End
[20:14:41] [Server thread/INFO]: Player984 has just earned the achievement [Taking Inventory]
[20:14:41] [Client thread/INFO]: [CHAT] Player984 has just earned the achievement [Taking Inventory]
[20:17:31] [Server thread/INFO]: Saving and pausing game...
[20:17:31] [Server thread/INFO]: Saving chunks for level 'New World'/Overworld
[20:17:31] [Server thread/INFO]: Saving chunks for level 'New World'/Nether
[20:17:31] [Server thread/INFO]: Saving chunks for level 'New World'/The End
[20:17:32] [Server thread/INFO]: Stopping server
[20:17:32] [Server thread/INFO]: Saving players
[20:17:32] [Server thread/INFO]: Saving worlds
[20:17:32] [Server thread/INFO]: Saving chunks for level 'New World'/Overworld
[20:17:32] [Server thread/INFO]: Saving chunks for level 'New World'/Nether
[20:17:32] [Server thread/INFO]: Saving chunks for level 'New World'/The End
[20:17:37] [Client thread/INFO]: Stopping!
